[INFO] Scanning for projects...
[INFO] 
[INFO] ----------< com.projectmanagement:project-management-backend >----------
[INFO] Building Project Management Backend 1.0.0
[INFO]   from pom.xml
[INFO] --------------------------------[ jar ]---------------------------------
[INFO] 
[INFO] >>> spring-boot:3.2.0:run (default-cli) > test-compile @ project-management-backend >>>
[INFO] 
[INFO] --- resources:3.3.1:resources (default-resources) @ project-management-backend ---
[INFO] Copying 1 resource from src\main\resources to target\classes
[INFO] Copying 0 resource from src\main\resources to target\classes
[INFO] 
[INFO] --- compiler:3.11.0:compile (default-compile) @ project-management-backend ---
[INFO] Nothing to compile - all classes are up to date
[INFO] 
[INFO] --- resources:3.3.1:testResources (default-testResources) @ project-management-backend ---
[INFO] Copying 1 resource from src\test\resources to target\test-classes
[INFO] 
[INFO] --- compiler:3.11.0:testCompile (default-testCompile) @ project-management-backend ---
[INFO] Changes detected - recompiling the module! :source
[INFO] Compiling 2 source files with javac [debug release 17] to target\test-classes
[INFO] 
[INFO] <<< spring-boot:3.2.0:run (default-cli) < test-compile @ project-management-backend <<<
[INFO] 
[INFO] 
[INFO] --- spring-boot:3.2.0:run (default-cli) @ project-management-backend ---
[INFO] Attaching agents: []

  .   ____          _            __ _ _
 /\\ / ___'_ __ _ _(_)_ __  __ _ \ \ \ \
( ( )\___ | '_ | '_| | '_ \/ _` | \ \ \ \
 \\/  ___)| |_)| | | | | || (_| |  ) ) ) )
  '  |____| .__|_| |_|_| |_\__, | / / / /
 =========|_|==============|___/=/_/_/_/
 :: Spring Boot ::                (v3.2.0)

2026-04-25T19:37:05.639+04:00  INFO 9496 --- [           main] c.p.ProjectManagementApplication         : Starting ProjectManagementApplication using Java 17.0.18 with PID 9496 (D:\Project Management Platform\backend\target\classes started by LENOVO in D:\Project Management Platform\backend)
2026-04-25T19:37:05.639+04:00  INFO 9496 --- [           main] c.p.ProjectManagementApplication         : No active profile set, falling back to 1 default profile: "default"
2026-04-25T19:37:06.678+04:00  INFO 9496 --- [           main] .s.d.r.c.RepositoryConfigurationDelegate : Bootstrapping Spring Data JPA repositories in DEFAULT mode.
2026-04-25T19:37:06.810+04:00  INFO 9496 --- [           main] .s.d.r.c.RepositoryConfigurationDelegate : Finished Spring Data repository scanning in 110 ms. Found 9 JPA repository interfaces.
2026-04-25T19:37:07.463+04:00  INFO 9496 --- [           main] o.s.b.w.embedded.tomcat.TomcatWebServer  : Tomcat initialized with port 8080 (http)
2026-04-25T19:37:07.477+04:00  INFO 9496 --- [           main] o.apache.catalina.core.StandardService   : Starting service [Tomcat]
2026-04-25T19:37:07.477+04:00  INFO 9496 --- [           main] o.apache.catalina.core.StandardEngine    : Starting Servlet engine: [Apache Tomcat/10.1.16]
2026-04-25T19:37:07.587+04:00  INFO 9496 --- [           main] o.a.c.c.C.[Tomcat].[localhost].[/]       : Initializing Spring embedded WebApplicationContext
2026-04-25T19:37:07.589+04:00  INFO 9496 --- [           main] w.s.c.ServletWebServerApplicationContext : Root WebApplicationContext: initialization completed in 1871 ms
2026-04-25T19:37:07.773+04:00  INFO 9496 --- [           main] o.hibernate.jpa.internal.util.LogHelper  : HHH000204: Processing PersistenceUnitInfo [name: default]
2026-04-25T19:37:07.848+04:00  INFO 9496 --- [           main] org.hibernate.Version                    : HHH000412: Hibernate ORM core version 6.3.1.Final
2026-04-25T19:37:07.894+04:00  INFO 9496 --- [           main] o.h.c.internal.RegionFactoryInitiator    : HHH000026: Second-level cache disabled
2026-04-25T19:37:08.143+04:00  INFO 9496 --- [           main] o.s.o.j.p.SpringPersistenceUnitInfo      : No LoadTimeWeaver setup: ignoring JPA class transformer
2026-04-25T19:37:08.160+04:00  INFO 9496 --- [           main] com.zaxxer.hikari.HikariDataSource       : HikariPool-1 - Starting...
2026-04-25T19:37:08.518+04:00  INFO 9496 --- [           main] com.zaxxer.hikari.pool.HikariPool        : HikariPool-1 - Added connection org.postgresql.jdbc.PgConnection@159ac15f
2026-04-25T19:37:08.520+04:00  INFO 9496 --- [           main] com.zaxxer.hikari.HikariDataSource       : HikariPool-1 - Start completed.
2026-04-25T19:37:10.108+04:00  INFO 9496 --- [           main] o.h.e.t.j.p.i.JtaPlatformInitiator       : HHH000489: No JTA platform available (set 'hibernate.transaction.jta.platform' to enable JTA platform integration)
2026-04-25T19:37:10.390+04:00  INFO 9496 --- [           main] j.LocalContainerEntityManagerFactoryBean : Initialized JPA EntityManagerFactory for persistence unit 'default'
2026-04-25T19:37:11.117+04:00  WARN 9496 --- [           main] JpaBaseConfiguration$JpaWebConfiguration : spring.jpa.open-in-view is enabled by default. Therefore, database queries may be performed during view rendering. Explicitly configure spring.jpa.open-in-view to disable this warning
2026-04-25T19:37:11.124+04:00  WARN 9496 --- [           main] .s.s.UserDetailsServiceAutoConfiguration : 

Using generated security password: 576a65bb-0731-4e56-a7f4-d83b48068bfb

This generated password is for development use only. Your security configuration must be updated before running your application in production.

2026-04-25T19:37:11.546+04:00  INFO 9496 --- [           main] o.s.s.web.DefaultSecurityFilterChain     : Will secure any request with [org.springframework.security.web.session.DisableEncodeUrlFilter@1828ab51, org.springframework.security.web.context.request.async.WebAsyncManagerIntegrationFilter@5e7ea81b, org.springframework.security.web.context.SecurityContextHolderFilter@42684d86, org.springframework.security.web.header.HeaderWriterFilter@5f3c866c, org.springframework.web.filter.CorsFilter@589a4305, org.springframework.security.web.authentication.logout.LogoutFilter@73753326, com.projectmanagement.config.AuthFilter@340d6d89, org.springframework.security.web.savedrequest.RequestCacheAwareFilter@7d6a9d5e, org.springframework.security.web.servletapi.SecurityContextHolderAwareRequestFilter@74ed7111, org.springframework.security.web.authentication.AnonymousAuthenticationFilter@7568134c, org.springframework.security.web.session.SessionManagementFilter@981d9d2, org.springframework.security.web.access.ExceptionTranslationFilter@2319c1e0, org.springframework.security.web.access.intercept.AuthorizationFilter@7156f8cf]
2026-04-25T19:37:11.842+04:00  INFO 9496 --- [           main] o.s.b.w.embedded.tomcat.TomcatWebServer  : Tomcat started on port 8080 (http) with context path ''
2026-04-25T19:37:11.850+04:00  INFO 9496 --- [           main] c.p.ProjectManagementApplication         : Started ProjectManagementApplication in 6.784 seconds (process running for 7.374)
2026-04-25T19:38:27.938+04:00  INFO 9496 --- [nio-8080-exec-1] o.a.c.c.C.[Tomcat].[localhost].[/]       : Initializing Spring DispatcherServlet 'dispatcherServlet'
2026-04-25T19:38:27.959+04:00  INFO 9496 --- [nio-8080-exec-1] o.s.web.servlet.DispatcherServlet        : Initializing Servlet 'dispatcherServlet'
2026-04-25T19:38:28.090+04:00  INFO 9496 --- [nio-8080-exec-1] o.s.web.servlet.DispatcherServlet        : Completed initialization in 124 ms
2026-04-25T19:38:28.172+04:00  WARN 9496 --- [nio-8080-exec-1] o.s.w.s.h.HandlerMappingIntrospector     : Cache miss for REQUEST dispatch to '/api/auth/login' (previous null). Performing MatchableHandlerMapping lookup. This is logged once only at WARN level, and every time at TRACE.
[INFO] ------------------------------------------------------------------------
[INFO] BUILD FAILURE
[INFO] ------------------------------------------------------------------------
[INFO] Total time:  15:23 min
[INFO] Finished at: 2026-04-25T19:52:19+04:00
[INFO] ------------------------------------------------------------------------
[ERROR] Failed to execute goal org.springframework.boot:spring-boot-maven-plugin:3.2.0:run (default-cli) on project project-management-backend: Process terminated with exit code: 1 -> [Help 1]
[ERROR] 
[ERROR] To see the full stack trace of the errors, re-run Maven with the -e switch.
[ERROR] Re-run Maven using the -X switch to enable full debug logging.
[ERROR] 
[ERROR] For more information about the errors and possible solutions, please read the following articles:
[ERROR] [Help 1] http://cwiki.apache.org/confluence/display/MAVEN/MojoExecutionException
